



<!DOCTYPE html>
<html>
<head>
 <meta http-equiv="Content-Type" content="text/html; charset=UTF-8" >
 <meta http-equiv="X-UA-Compatible" content="IE=edge,chrome=1" >
 
 <meta name="ROBOTS" content="NOARCHIVE">
 
 <link rel="icon" type="image/vnd.microsoft.icon" href="https://ssl.gstatic.com/codesite/ph/images/phosting.ico">
 
 
 <script type="text/javascript">
 
 
 
 
 var codesite_token = null;
 
 
 var CS_env = {"relativeBaseUrl": "", "projectName": "goagent", "loggedInUserEmail": null, "domainName": null, "assetHostPath": "https://ssl.gstatic.com/codesite/ph", "assetVersionPath": "https://ssl.gstatic.com/codesite/ph/10671232128890609530", "profileUrl": null, "projectHomeUrl": "/p/goagent", "token": null};
 var _gaq = _gaq || [];
 _gaq.push(
 ['siteTracker._setAccount', 'UA-18071-1'],
 ['siteTracker._trackPageview']);
 
 (function() {
 var ga = document.createElement('script'); ga.type = 'text/javascript'; ga.async = true;
 ga.src = ('https:' == document.location.protocol ? 'https://ssl' : 'http://www') + '.google-analytics.com/ga.js';
 (document.getElementsByTagName('head')[0] || document.getElementsByTagName('body')[0]).appendChild(ga);
 })();
 
 </script>
 
 
 <title>Issue 9485 - 
 goagent -
 
 python 3.3.2的问题 - 
 https://github.com/goagent/goagent - Google Project Hosting
 </title>
 <link type="text/css" rel="stylesheet" href="https://ssl.gstatic.com/codesite/ph/10671232128890609530/css/core.css">
 
 <link type="text/css" rel="stylesheet" href="https://ssl.gstatic.com/codesite/ph/10671232128890609530/css/ph_detail.css" >
 
 
 
 
<!--[if IE]>
 <link type="text/css" rel="stylesheet" href="https://ssl.gstatic.com/codesite/ph/10671232128890609530/css/d_ie.css" >
<![endif]-->
 <style type="text/css">
 .menuIcon.off { background: no-repeat url(https://ssl.gstatic.com/codesite/ph/images/dropdown_sprite.gif) 0 -42px }
 .menuIcon.on { background: no-repeat url(https://ssl.gstatic.com/codesite/ph/images/dropdown_sprite.gif) 0 -28px }
 .menuIcon.down { background: no-repeat url(https://ssl.gstatic.com/codesite/ph/images/dropdown_sprite.gif) 0 0; }
 
 
 .attachments { width:33%; border-top:2px solid #999; padding-top: 3px; margin-left: .7em;}
 .attachments table { margin-bottom: 0.75em; }
 .attachments table tr td { padding: 0; margin: 0; font-size: 95%; }
 .preview { border: 2px solid #c3d9ff; padding: 1px; }
 .preview:hover { border: 2px solid blue; }
 .label { white-space: nowrap; }
 .derived { font-style:italic }
 .cursor_on .author {
 background: url(https://ssl.gstatic.com/codesite/ph/images/show-arrow.gif) no-repeat 2px;
 }
 .hiddenform {
 display: none;
 }

 
 </style>
</head>
<body class="t3">
<script type="text/javascript">
 window.___gcfg = {lang: 'en'};
 (function() 
 {var po = document.createElement("script");
 po.type = "text/javascript"; po.async = true;po.src = "https://apis.google.com/js/plusone.js";
 var s = document.getElementsByTagName("script")[0];
 s.parentNode.insertBefore(po, s);
 })();
</script>
<div class="headbg">

 <div id="gaia">
 

 <span>
 
 
 <a href="#" id="projects-dropdown" onclick="return false;"><u>My favorites</u> <small>&#9660;</small></a>
 | <a href="https://www.google.com/accounts/ServiceLogin?service=code&amp;ltmpl=phosting&amp;continue=https%3A%2F%2Fcode.google.com%2Fp%2Fgoagent%2Fissues%2Fdetail%3Fid%3D9485&amp;followup=https%3A%2F%2Fcode.google.com%2Fp%2Fgoagent%2Fissues%2Fdetail%3Fid%3D9485" onclick="_CS_click('/gb/ph/signin');"><u>Sign in</u></a>
 
 </span>

 </div>

 <div class="gbh" style="left: 0pt;"></div>
 <div class="gbh" style="right: 0pt;"></div>
 
 
 <div style="height: 1px"></div>
<!--[if lte IE 7]>
<div style="text-align:center;">
Your version of Internet Explorer is not supported. Try a browser that
contributes to open source, such as <a href="http://www.firefox.com">Firefox</a>,
<a href="http://www.google.com/chrome">Google Chrome</a>, or
<a href="http://code.google.com/chrome/chromeframe/">Google Chrome Frame</a>.
</div>
<![endif]-->



 <table style="padding:0px; margin: 0px 0px 10px 0px; width:100%" cellpadding="0" cellspacing="0"
 itemscope itemtype="http://schema.org/CreativeWork">
 <tr style="height: 58px;">
 
 
 
 <td id="plogo">
 <link itemprop="url" href="/p/goagent">
 <a href="/p/goagent/">
 
 <img src="https://ssl.gstatic.com/codesite/ph/images/defaultlogo.png" alt="Logo" itemprop="image">
 
 </a>
 </td>
 
 <td style="padding-left: 0.5em">
 
 <div id="pname">
 <a href="/p/goagent/"><span itemprop="name">goagent</span></a>
 </div>
 
 <div id="psum">
 <a id="project_summary_link"
 href="/p/goagent/"><span itemprop="description">https://github.com/goagent/goagent</span></a>
 
 </div>
 
 
 </td>
 <td style="white-space:nowrap;text-align:right; vertical-align:bottom;">
 
 <form action="/hosting/search">
 <input size="30" name="q" value="" type="text">
 
 <input type="submit" name="projectsearch" value="Search projects" >
 </form>
 
 </tr>
 </table>

</div>

 
<div id="mt" class="gtb"> 
 <a href="/p/goagent/" class="tab ">Project&nbsp;Home</a>
 
 
 
 
 
 
 
 
 <a href="/p/goagent/issues/list"
 class="tab active">Issues</a>
 
 
 
 
 
 
 
 
 
 
 <a href="https://code.google.com/export-to-github/export?project=goagent">
 <button>Export to GitHub</button>
 
 </a>
 
 
 <div class=gtbc></div>
</div>

 
 <div style="font-weight: bold; color: #c00; margin-top: 5px; margin-left: 13px;">
 READ-ONLY: This project has been <a href='https://code.google.com/archive/p/goagent'>archived</a>. For more information see <a href='https://code.google.com/p/support/wiki/ReadOnlyTransition'>this post</a>.
 </div>
 

<table cellspacing="0" cellpadding="0" width="100%" align="center" border="0" class="st">
 <tr>
 
 
 
 
 
 <td class="subt">
 <div class="issueDetail">
<div class="isf">
 
 <span class="inIssueList">
 <span>Search</span>
 <form action="list" method="GET" style="display:inline">
 <select id="can" name="can">
 
<option disabled="disabled">Search within:</option>
<option value="1" >&nbsp;All issues</option>
<option value="2" selected=selected>&nbsp;Open issues</option>

<option value="6" >&nbsp;New issues</option>
<option value="7" >&nbsp;Issues to verify</option>

 </select>
 <span>for</span>
 <span id="qq"><input type="text" size="38" id="searchq" name="q"
 value="" autocomplete="off"
 
 onkeydown="_blurOnEsc(event)"></span>
 
 
 <span id="search_colspec"><input type="hidden" name="colspec" value="ID Opened Reporter Modified Summary Stars" ></span>
 
 
 
 <input type="hidden" name="cells" value="tiles" >
 <input type="submit" value="Search">
 </form>
 </span> &nbsp;
 <span class="inIssueAdvSearch">
 <a href="advsearch">Advanced search</a>
 </span> &nbsp;
 <span class="inIssueSearchTips">
 <a href="searchtips">Search tips</a>
 </span> &nbsp;
 <span class="inIssueSubscriptions">
 <a href="/p/goagent/issues/subscriptions">Subscriptions</a>
 </span>
</div>
</div>
 </td>
 
 
 
 
 <td align="right" valign="top" class="bevel-right"></td>
 </tr>
</table>


<script type="text/javascript">
 var cancelBubble = false;
 function _go(url) { document.location = url; }
</script>
<div id="maincol"
 
>

 






 

 

 

 

 

 

 

 

 

 

 

 

 

 


 

<div id="color_control" class="">
<div id="issueheader">
<table cellpadding="0" cellspacing="0" width="100%"><tbody>
 <tr>
 <td class="vt h3" nowrap="nowrap" style="padding:0 5px">
 
 
 Issue <a href="detail?id=9485">9485</a>:
 </td>
 <td width="90%" class="vt">
 <span class="h3" >python 3.3.2的问题</span>
 </td>
 <td>
 
 </td>
 </tr>
 <tr>
 <td></td>
 <td nowrap="nowrap">
 
 
 4 people starred this issue and may be notified of changes.
 
 
 
 </td>
 <td align="center" nowrap="nowrap">
 
 <a href="https://code.google.com/p/goagent/issues/list?cursor=goagent%3A9485">Back to list</a>
 
 </td>
 </tr>
 
</tbody></table>
</div>
<table width="100%" cellpadding="0" cellspacing="0" border="0" class="issuepage" id="meta-container">
<tbody class="collapse"> 
 <tr>
 <td id="issuemeta">
 <div id="meta-float">
 
<table cellspacing="0" cellpadding="0">
 <tr><th align="left">Status:&nbsp;</th>
 <td width="100%">
 
 <span title="Issue has not had initial review yet">New</span>
 
 </td>
 </tr>
 
 
 
 
 <tr><th align="left">Owner:&nbsp;</th><td>
 
 
 ----
 
 
 </td>
 </tr>
 
 
 
 <tr><td colspan="2">
 
 
 
 <div style="padding-top:2px">
 
 <a href="list?q=label:Type-Defect"
 title="Report of a software defect"
 class="label"><b>Type-</b>Defect</a>
 
 </div>
 
 
 
 
 <div style="padding-top:2px">
 
 <a href="list?q=label:Priority-Medium"
 title="Normal priority"
 class="label"><b>Priority-</b>Medium</a>
 
 </div>
 
 
 </td></tr>
 
</table>
<div class="rel_issues">
 
 
 
</div>


 <br><br>
 


 
 </div>&nbsp;
 </td>
 <td class="vt issuedescription" width="100%" id="cursorarea" >
 
<div class="cursor_off vt issuedescription" id="hc0">
 
 
 <div class="author">
 
 Reported by
 

 <a class="userlink"
 href="/u/114839866780430922806/">michaelc...@gmail.com</a
>,
 <span class="date" title="Thu May 23 03:03:40 2013">May 23, 2013</span>
 
 </div>
<pre>
今天看见goagent 3测试版，在单位的windows xp下用着不错，可是到了家里的os x下，运行出错，不知道是不是我将python更新到了3.3.2的缘故，请求老大看看吧，不胜感激！

Last login: Thu May 23 17:56:49 on ttys001
229:~ michael$ cd '/Volumes/Macintosh HD 2/webtools/goagent-3/' &amp;&amp; '/usr/bin/pythonw'  '/Volumes/Macintosh HD 2/webtools/goagent-3/proxy.py'  &amp;&amp; echo Exit status: $? &amp;&amp; exit 1
please install python 3.3 or later(<a href="http://python.org/getit/" rel="nofollow">http://python.org/getit/</a>)
Exit status: 0
logout

[Process completed]

</pre>

</div>

 


 
 
 
 
 <div class="cursor_off vt issuecomment"
 id="hc1">
 <div style="float:right; margin-right:.3em; text-align:right">
 <span class="date" title="Thu May 23 03:08:46 2013">
 May 23, 2013
 </span>
 
 
 </div>
 
 
 
 
 
 
 
 
 
 
 <span class="author">
 
 <a name="c1" href="/p/goagent/issues/detail?id=9485#c1">#1</a>
 

 <a class="userlink"
 href="/u/106781204990925295112/">yubinlov...@gmail.com</a
></span>
 
<pre>
你装了python3.3么？

如果装了，直接用 python3 proxy.py运行呢？
</pre>
 
 
 </div>
 

 
 
 
 
 <div class="cursor_off vt issuecomment"
 id="hc2">
 <div style="float:right; margin-right:.3em; text-align:right">
 <span class="date" title="Thu May 23 03:10:41 2013">
 May 23, 2013
 </span>
 
 
 </div>
 
 
 
 
 
 
 
 
 
 
 <span class="author">
 
 <a name="c2" href="/p/goagent/issues/detail?id=9485#c2">#2</a>
 

 <a class="userlink"
 href="/u/106781204990925295112/">yubinlov...@gmail.com</a
></span>
 
<pre>
你的命令有错误
'/usr/bin/pythonw'
应该是'/usr/bin/env python3 '
</pre>
 
 
 </div>
 

 
 
 
 
 <div class="cursor_off vt issuecomment"
 id="hc3">
 <div style="float:right; margin-right:.3em; text-align:right">
 <span class="date" title="Thu May 23 03:34:40 2013">
 May 23, 2013
 </span>
 
 
 </div>
 
 
 
 
 
 
 
 
 
 
 <span class="author">
 
 <a name="c3" href="/p/goagent/issues/detail?id=9485#c3">#3</a>
 

 <a class="userlink"
 href="/u/114839866780430922806/">michaelc...@gmail.com</a
></span>
 
<pre>
谢谢作者，用python3 proxy.py可以运行，以前我都是直接双击proxy.py就可以了。还有为什么出现了一排黄色的字体

WARNING - [May 23 18:29:21] python-openssl not found, please install it!
SecCertificateAddToKeychain: Could not write to the file. It may have been opened with insufficient access privileges.
WARNING - [May 23 18:29:21] install root certificate failed, Please run as administrator/root/sudo
------------------------------------------------------
GoAgent Version    : 3.0.0 (python/3.3.2 gevent/Disabled pyopenssl/Disabled)
Listen Address     : 127.0.0.1:8087
GAE Mode           : https
GAE Profile        : google_cn
GAE APPID          : 这里就省略了
Pac Server         : http://127.0.0.1:8086/proxy.pac
Pac File           : file:///Volumes/Macintosh HD 2/webtools/goagent-3/proxy.pac
</pre>
 
 
 </div>
 

 
 
 
 
 <div class="cursor_off vt issuecomment"
 id="hc4">
 <div style="float:right; margin-right:.3em; text-align:right">
 <span class="date" title="Thu May 23 06:06:28 2013">
 May 23, 2013
 </span>
 
 
 </div>
 
 
 
 
 
 
 
 
 
 
 <span class="author">
 
 <a name="c4" href="/p/goagent/issues/detail?id=9485#c4">#4</a>
 

 <a class="userlink"
 href="/u/113689159899290385650/">changch...@gmail.com</a
></span>
 
<pre>
是有这个问题的，我也遇到了，类似于<a title="mac 10.8.3无法用3.0"  href="/p/goagent/issues/detail?id=9472">Issue 9472</a>，求老大帮助了。

问题主要集中在mac上面，都是由2.7.3升级3.3.2时造成的，求解。

谢谢
</pre>
 
 
 </div>
 

 
 
 
 
 <div class="cursor_off vt issuecomment"
 id="hc5">
 <div style="float:right; margin-right:.3em; text-align:right">
 <span class="date" title="Thu May 23 06:10:35 2013">
 May 23, 2013
 </span>
 
 
 </div>
 
 
 
 
 
 
 
 
 
 
 <span class="author">
 
 <a name="c5" href="/p/goagent/issues/detail?id=9485#c5">#5</a>
 

 <a class="userlink"
 href="/u/106781204990925295112/">yubinlov...@gmail.com</a
></span>
 
<pre>
python-openssl不一定安装成功了，2.7装了之后，3.3还要再装一遍
我已经在wiki写过了
wget <a href="http://pypi.python.org/packages/source/p/pyOpenSSL/pyOpenSSL-0.13.tar.gz" rel="nofollow">http://pypi.python.org/packages/source/p/pyOpenSSL/pyOpenSSL-0.13.tar.gz</a> &amp;&amp; tar zxvf pyOpenSSL-0.13.tar.gz &amp;&amp; cd pyOpenSSL-0.13 &amp;&amp; sudo python3 setup.py install


注意，最后用的是sudo python3 setup.py install
</pre>
 
 
 </div>
 

 
 
 
 
 <div class="cursor_off vt issuecomment"
 id="hc6">
 <div style="float:right; margin-right:.3em; text-align:right">
 <span class="date" title="Thu May 23 07:51:19 2013">
 May 23, 2013
 </span>
 
 
 </div>
 
 
 
 
 
 
 
 
 
 
 <span class="author">
 
 <a name="c6" href="/p/goagent/issues/detail?id=9485#c6">#6</a>
 

 <a class="userlink"
 href="/u/115001297445573747653/">douban...@gmail.com</a
></span>
 
<pre>
请问楼上可以说的在详细一点吗？还是看不太懂，是要使用终端输入命令行吗？

谢谢
</pre>
 
 
 </div>
 

 
 
 
 
 <div class="cursor_off vt issuecomment"
 id="hc7">
 <div style="float:right; margin-right:.3em; text-align:right">
 <span class="date" title="Sat May 25 22:33:48 2013">
 May 25, 2013
 </span>
 
 
 </div>
 
 
 
 
 
 
 
 
 
 
 <span class="author">
 
 <a name="c7" href="/p/goagent/issues/detail?id=9485#c7">#7</a>
 

 <a class="userlink"
 href="/u/117363346101947320323/">jinpengc...@gmail.com</a
></span>
 
<pre>
mac下python 3.3好像有问题，   我是用terminal进入local目录，运行 python3 proxy.py才可以。


</pre>
 
 
 </div>
 

 
 
 
 
 <div class="cursor_off vt issuecomment"
 id="hc8">
 <div style="float:right; margin-right:.3em; text-align:right">
 <span class="date" title="Sun May 26 11:32:34 2013">
 May 26, 2013
 </span>
 
 
 </div>
 
 
 
 
 
 
 
 
 
 
 <span class="author">
 
 <a name="c8" href="/p/goagent/issues/detail?id=9485#c8">#8</a>
 

 <a class="userlink"
 href="/u/106453827876863876134/">Nic.Duan...@gmail.com</a
></span>
 
<pre>
Mac 下现在只能用在终端使用，GoagentX 和 GoagentGUI 配置好了都会出现 

GoAgent Starting...please install python 3.3 or later(<a href="http://python.org/getit/" rel="nofollow">http://python.org/getit/</a>)

python-openssl 安装了也一样。
</pre>
 
 
 </div>
 

 
 
 
 
 <div class="cursor_off vt issuecomment"
 id="hc9">
 <div style="float:right; margin-right:.3em; text-align:right">
 <span class="date" title="Mon May 27 18:08:58 2013">
 May 27, 2013
 </span>
 
 
 </div>
 
 
 
 
 
 
 
 
 
 
 <span class="author">
 
 <a name="c9" href="/p/goagent/issues/detail?id=9485#c9">#9</a>
 

 <a class="userlink"
 href="/u/zhengsenlin@gmail.com/">zhengsenlin@gmail.com</a
></span>
 
<pre>
python-openssl不一定安装成功了，2.7装了之后，3.3还要再装一遍
我已经在wiki写过了
wget <a href="http://pypi.python.org/packages/source/p/pyOpenSSL/pyOpenSSL-0.13.tar.gz" rel="nofollow">http://pypi.python.org/packages/source/p/pyOpenSSL/pyOpenSSL-0.13.tar.gz</a> &amp;&amp; tar zxvf pyOpenSSL-0.13.tar.gz &amp;&amp; cd pyOpenSSL-0.13 &amp;&amp; sudo python3 setup.py install


注意，最后用的是sudo python3 setup.py install


正解。
</pre>
 
 
 </div>
 

 
 
 
 
 <div class="cursor_off vt issuecomment"
 id="hc10">
 <div style="float:right; margin-right:.3em; text-align:right">
 <span class="date" title="Wed May 29 06:14:16 2013">
 May 29, 2013
 </span>
 
 
 </div>
 
 
 
 
 
 
 
 
 
 
 <span class="author">
 
 <a name="c10" href="/p/goagent/issues/detail?id=9485#c10">#10</a>
 

 <a class="userlink"
 href="/u/107489251266868968925/">junliang...@gmail.com</a
></span>
 
<pre>
/Library/Frameworks/Python.framework/Versions/3.3/lib/python3.3/distutils/dist.py:257: UserWarning: Unknown distribution option: 'zip_safe'
  warnings.warn(msg)
running install
running build
running build_py
running build_ext
building 'OpenSSL.crypto' extension
/Applications/Xcode.app/Contents/Developer/Toolchains/XcodeDefault.xctoolchain/usr/bin/clang -fno-strict-aliasing -fno-common -dynamic -DNDEBUG -g -O3 -arch i386 -arch x86_64 -I/Library/Frameworks/Python.framework/Versions/3.3/include/python3.3m -c OpenSSL/crypto/crypto.c -o build/temp.macosx-10.6-intel-3.3/OpenSSL/crypto/crypto.o
In file included from OpenSSL/crypto/crypto.c:14:
/Library/Frameworks/Python.framework/Versions/3.3/include/python3.3m/Python.h:25:10: fatal error: 
      'stdio.h' file not found
#include &lt;stdio.h&gt;
         ^
1 error generated.
error: command '/Applications/Xcode.app/Contents/Developer/Toolchains/XcodeDefault.xctoolchain/usr/bin/clang' failed with exit status 1
</pre>
 
 
 </div>
 

 
 
 
 
 <div class="cursor_off vt issuecomment"
 id="hc11">
 <div style="float:right; margin-right:.3em; text-align:right">
 <span class="date" title="Wed May 29 06:17:17 2013">
 May 29, 2013
 </span>
 
 
 </div>
 
 
 
 
 
 
 
 
 
 
 <span class="author">
 
 <a name="c11" href="/p/goagent/issues/detail?id=9485#c11">#11</a>
 

 <a class="userlink"
 href="/u/106781204990925295112/">yubinlov...@gmail.com</a
></span>
 
<pre>
@ #10 junliangmao
 <a title="【GoAgent3 for MAC】问题解答"  href="/p/goagent/issues/detail?id=9604">Issue 9604</a>
</pre>
 
 
 </div>
 

 
 
 
 
 <div class="cursor_off vt issuecomment"
 id="hc12">
 <div style="float:right; margin-right:.3em; text-align:right">
 <span class="date" title="Mon Jun  3 19:11:42 2013">
 Jun 3, 2013
 </span>
 
 
 </div>
 
 
 
 
 
 
 
 
 
 
 <span class="author">
 
 <a name="c12" href="/p/goagent/issues/detail?id=9485#c12">#12</a>
 

 <a class="userlink"
 href="/u/105559917890559221441/">jemy.goa...@gmail.com</a
></span>
 
<pre>
ubuntu 直接
sudo apt-get install python3-openssl即可
</pre>
 
 
 </div>
 

 
 
 
 
 <div class="cursor_off vt issuecomment"
 id="hc13">
 <div style="float:right; margin-right:.3em; text-align:right">
 <span class="date" title="Tue Aug 27 02:15:52 2013">
 Aug 27, 2013
 </span>
 
 
 </div>
 
 
 
 
 
 
 
 
 
 
 <span class="author">
 
 <a name="c13" href="/p/goagent/issues/detail?id=9485#c13">#13</a>
 

 <a class="userlink"
 href="/u/106750533671018483787/">leandro....@gmail.com</a
></span>
 
<pre>
Im having this error message everytime I try to run the goagent app

python27.exe proxy.py
</pre>
 
 
 </div>
 

 
 
 
 
 <div class="cursor_off vt issuecomment"
 id="hc14">
 <div style="float:right; margin-right:.3em; text-align:right">
 <span class="date" title="Mon Nov 18 01:14:27 2013">
 Nov 18, 2013
 </span>
 
 
 </div>
 
 
 
 
 
 
 
 
 
 
 <span class="author">
 
 <a name="c14" href="/p/goagent/issues/detail?id=9485#c14">#14</a>
 

 <a class="userlink"
 href="/u/110468017841883973395/">shuizhon...@gmail.com</a
></span>
 
<pre>
我在安装python3-openssl的时候
在执行sudo python3 setup.py install之后，失败了，
错误内容很长，放后面了，里面有个openssl/ssl.h 没有那个文件或目录。可是我看了，是有的。
希望能帮忙看看原因，我安装python3成功了的
下面是错误内容（错误内容在拷贝过程中，可能有一两行缺失，太长了）
/usr/lib/python3.1/distutils/dist.py:259: UserWarning: Unknown distribution option: 'zip_safe'
  warnings.warn(msg)
running install
running build
running build_py
creating build
creating build/lib.linux-i686-3.1
creating build/lib.linux-i686-3.1/OpenSSL
copying OpenSSL/__init__.py -&gt; build/lib.linux-i686-3.1/OpenSSL
copying OpenSSL/tsafe.py -&gt; build/lib.linux-i686-3.1/OpenSSL
copying OpenSSL/version.py -&gt; build/lib.linux-i686-3.1/OpenSSL
creating build/lib.linux-i686-3.1/OpenSSL/test
copying OpenSSL/test/__init__.py -&gt; build/lib.linux-i686-3.1/OpenSSL/test
copying OpenSSL/test/util.py -&gt; build/lib.linux-i686-3.1/OpenSSL/test
copying OpenSSL/test/test_crypto.py -&gt; build/lib.linux-i686-3.1/OpenSSL/test
copying OpenSSL/test/test_rand.py -&gt; build/lib.linux-i686-3.1/OpenSSL/test
copying OpenSSL/test/test_ssl.py -&gt; build/lib.linux-i686-3.1/OpenSSL/test
running build_ext
building 'OpenSSL.crypto' extension
creating build/temp.linux-i686-3.1
creating build/temp.linux-i686-3.1/OpenSSL
creating build/temp.linux-i686-3.1/OpenSSL/crypto
gcc -pthread -fno-strict-aliasing -DNDEBUG -g -O2 -Wall -Wstrict-prototypes -fPIC -I/usr/include/python3.1 -c OpenSSL/crypto/crypto.c -o build/temp.linux-i686-3.1/OpenSSL/crypto/crypto.o
In file included from OpenSSL/crypto/crypto.h:30,
                 from OpenSSL/crypto/crypto.c:16:
OpenSSL/crypto/x509.h:17:25: error: openssl/ssl.h: 没有那个文件或目录
In file included from OpenSSL/crypto/crypto.h:30,
                 from OpenSSL/crypto/crypto.c:16:
OpenSSL/crypto/x509.h:25: error: expected specifier-qualifier-list before ‘X509’
OpenSSL/crypto/x509.h:29: error: expected declaration specifiers or ‘...’ before ‘ASN1_TIME’
OpenSSL/crypto/x509.h:30: error: expected declaration specifiers or ‘...’ before ‘ASN1_TIME’
In file included from OpenSSL/crypto/crypto.h:31,
                 from OpenSSL/crypto/crypto.c:16:
OpenSSL/crypto/x509name.h:27: error: expected specifier-qualifier-list before ‘X509_NAME’
In file included from OpenSSL/crypto/crypto.h:32,
                 from OpenSSL/crypto/crypto.c:16:
In file included from OpenSSL/crypto/crypto.h:37,
                 from OpenSSL/crypto/crypto.c:16:
OpenSSL/crypto/pkcs7.h:25: error: expected specifier-qualifier-list before ‘PKCS7’
In file included from OpenSSL/crypto/crypto.h:38,
                 from OpenSSL/crypto/crypto.c:16:
OpenSSL/crypto/pkcs12.h:14:28: error: openssl/pkcs12.h: 没有那个文件或目录
OpenSSL/crypto/pkcs12.h:15:26: error: openssl/asn1.h: 没有那个文件或目录
In file included from OpenSSL/crypto/crypto.h:38,
                 from OpenSSL/crypto/crypto.c:16:
OpenSSL/crypto/pkcs12.h:37: error: expected ‘)’ before ‘*’ token
In file included from OpenSSL/crypto/crypto.h:39,
                 from OpenSSL/crypto/crypto.c:16:
OpenSSL/crypto/crl.h:14: error: expected specifier-qualifier-list before ‘X509_CRL’
OpenSSL/crypto/crl.h:17: error: expected ‘)’ before ‘*’ token
In file included from OpenSSL/crypto/crypto.h:40,
                 from OpenSSL/crypto/crypto.c:16:
OpenSSL/crypto/revoked.h:12: error: expected ‘)’ before ‘*’ token
OpenSSL/crypto/crypto.c:83: error: ‘pem_password_cb’ undeclared (first use in this function)
OpenSSL/crypto/crypto.c:83: error: (Each undeclared identifier is reported only once
OpenSSL/crypto/crypto.c:83: error: for each function it appears in.)
OpenSSL/crypto/crypto.c:83: error: ‘cb’ undeclared (first use in this function)
OpenSSL/crypto/crypto.c:85: error: ‘BIO’ undeclared (first use in this function)
OpenSSL/crypto/crypto.c:85: error: ‘bio’ undeclared (first use in this function)
OpenSSL/crypto/crypto.c:86: error: ‘EVP_PKEY’ undeclared (first use in this function)
OpenSSL/crypto/crypto.c:86: error: ‘pkey’ undeclared (first use in this function)
OpenSSL/crypto/crypto.c:110: warning: implicit declaration of function ‘BIO_new_mem_buf’
OpenSSL/crypto/crypto.c:113: error: ‘X509_FILETYPE_PEM’ undeclared (first use in this function)
OpenSSL/crypto/crypto.c:114: warning: implicit declaration of function ‘PEM_read_bio_PrivateKey’
OpenSSL/crypto/crypto.c:117: error: ‘X509_FILETYPE_ASN1’ undeclared (first use in this function)
OpenSSL/crypto/crypto.c:118: warning: implicit declaration of function ‘d2i_PrivateKey_bio’
OpenSSL/crypto/crypto.c:123: warning: implicit declaration of function ‘BIO_free’
OpenSSL/crypto/crypto.c:134: warning: implicit declaration of function ‘crypto_PKey_New’
OpenSSL/crypto/crypto.c: In function ‘crypto_dump_privatekey’:
OpenSSL/crypto/crypto.c:158: error: expected ‘=’, ‘,’, ‘;’, ‘asm’ or ‘__attribute__’ before ‘*’ token
OpenSSL/crypto/crypto.c:158: error: ‘cipher’ undeclared (first use in this function)
OpenSSL/crypto/crypto.c:160: error: ‘pem_password_cb’ undeclared (first use in this function)
OpenSSL/crypto/crypto.c:160: error: ‘cb’ undeclared (first use in this function)
OpenSSL/crypto/crypto.c:162: error: ‘BIO’ undeclared (first use in this function)
OpenSSL/crypto/crypto.c:162: error: ‘bio’ undeclared (first use in this function)
OpenSSL/crypto/crypto.c:163: error: ‘RSA’ undeclared (first use in this function)
OpenSSL/crypto/crypto.c:163: error: ‘rsa’ undeclared (first use in this function)
OpenSSL/crypto/crypto.c:177: warning: implicit declaration of function ‘EVP_get_cipherbyname’
OpenSSL/crypto/crypto.c:200: warning: implicit declaration of function ‘BIO_new’
OpenSSL/crypto/crypto.c:200: warning: implicit declaration of function ‘BIO_s_mem’
OpenSSL/crypto/crypto.c:203: error: ‘X509_FILETYPE_PEM’ undeclared (first use in this function)
OpenSSL/crypto/crypto.c:204: warning: implicit declaration of function ‘PEM_write_bio_PrivateKey’
OpenSSL/crypto/crypto.c:204: error: ‘crypto_PKeyObj’ has no member named ‘pkey’
OpenSSL/crypto/crypto.c:212: error: ‘X509_FILETYPE_ASN1’ undeclared (first use in this function)
OpenSSL/crypto/crypto.c:213: warning: implicit declaration of function ‘i2d_PrivateKey_bio’
OpenSSL/crypto/crypto.c:213: error: ‘crypto_PKeyObj’ has no member named ‘pkey’
OpenSSL/crypto/crypto.c:217: warning: implicit declaration of function ‘EVP_PKEY_get1_RSA’
OpenSSL/crypto/crypto.c:217: error: ‘crypto_PKeyObj’ has no member named ‘pkey’
OpenSSL/crypto/crypto.c:218: warning: implicit declaration of function ‘RSA_print’
OpenSSL/crypto/crypto.c:219: warning: implicit declaration of function ‘RSA_free’
OpenSSL/crypto/crypto.c:235: warning: implicit declaration of function ‘BIO_get_mem_data’
OpenSSL/crypto/crypto.c: In function ‘crypto_load_certificate’:
OpenSSL/crypto/crypto.c:253: error: expected ‘)’ before ‘*’ token
OpenSSL/crypto/crypto.c:256: error: ‘BIO’ undeclared (first use in this function)
OpenSSL/crypto/crypto.c:256: error: ‘bio’ undeclared (first use in this function)
OpenSSL/crypto/crypto.c:257: error: ‘X509’ undeclared (first use in this function)
OpenSSL/crypto/crypto.c:257: error: ‘cert’ undeclared (first use in this function)
OpenSSL/crypto/crypto.c:265: error: ‘X509_FILETYPE_PEM’ undeclared (first use in this function)
OpenSSL/crypto/crypto.c:266: warning: implicit declaration of function ‘PEM_read_bio_X509’
OpenSSL/crypto/crypto.c:269: error: ‘X509_FILETYPE_ASN1’ undeclared (first use in this function)
OpenSSL/crypto/crypto.c:270: warning: implicit declaration of function ‘d2i_X509_bio’
OpenSSL/crypto/crypto.c:286: warning: implicit declaration of function ‘crypto_X509_New’
OpenSSL/crypto/crypto.c: In function ‘crypto_dump_certificate’:
OpenSSL/crypto/crypto.c:303: error: ‘BIO’ undeclared (first use in this function)
OpenSSL/crypto/crypto.c:303: error: ‘bio’ undeclared (first use in this function)
OpenSSL/crypto/crypto.c:313: error: ‘X509_FILETYPE_PEM’ undeclared (first use in this function)
OpenSSL/crypto/crypto.c:314: warning: implicit declaration of function ‘PEM_write_bio_X509’
OpenSSL/crypto/crypto.c:314: error: ‘crypto_X509Obj’ has no member named ‘x509’
OpenSSL/crypto/crypto.c:317: error: ‘X509_FILETYPE_ASN1’ undeclared (first use in this function)
OpenSSL/crypto/crypto.c:318: warning: implicit declaration of function ‘i2d_X509_bio’
OpenSSL/crypto/crypto.c:318: error: ‘crypto_X509Obj’ has no member named ‘x509’
OpenSSL/crypto/crypto.c:322: warning: implicit declaration of function ‘X509_print_ex’
OpenSSL/crypto/crypto.c:322: error: ‘crypto_X509Obj’ has no member named ‘x509’
OpenSSL/crypto/crypto.c: In function ‘crypto_load_certificate_request’:
OpenSSL/crypto/crypto.c:356: error: expected ‘)’ before ‘*’ token
OpenSSL/crypto/crypto.c:359: error: ‘BIO’ undeclared (first use in this function)
OpenSSL/crypto/crypto.c:359: error: ‘bio’ undeclared (first use in this function)
OpenSSL/crypto/crypto.c:360: error: ‘X509_REQ’ undeclared (first use in this function)
OpenSSL/crypto/crypto.c:360: error: ‘req’ undeclared (first use in this function)
OpenSSL/crypto/crypto.c:368: error: ‘X509_FILETYPE_PEM’ undeclared (first use in this function)
OpenSSL/crypto/crypto.c:369: warning: implicit declaration of function ‘PEM_read_bio_X509_REQ’
OpenSSL/crypto/crypto.c:372: error: ‘X509_FILETYPE_ASN1’ undeclared (first use in this function)
OpenSSL/crypto/crypto.c:373: warning: implicit declaration of function ‘d2i_X509_REQ_bio’
OpenSSL/crypto/crypto.c:389: warning: implicit declaration of function ‘crypto_X509Req_New’
OpenSSL/crypto/crypto.c: In function ‘crypto_dump_certificate_request’:
OpenSSL/crypto/crypto.c:406: error: ‘BIO’ undeclared (first use in this function)
OpenSSL/crypto/crypto.c:406: error: ‘bio’ undeclared (first use in this function)
OpenSSL/crypto/crypto.c:416: error: ‘X509_FILETYPE_PEM’ undeclared (first use in this function)
OpenSSL/crypto/crypto.c:417: warning: implicit declaration of function ‘PEM_write_bio_X509_REQ’
OpenSSL/crypto/crypto.c:417: error: ‘crypto_X509ReqObj’ has no member named ‘x509_req’
OpenSSL/crypto/crypto.c:420: error: ‘X509_FILETYPE_ASN1’ undeclared (first use in this function)
OpenSSL/crypto/crypto.c:421: warning: implicit declaration of function ‘i2d_X509_REQ_bio’
OpenSSL/crypto/crypto.c:421: error: ‘crypto_X509ReqObj’ has no member named ‘x509_req’
OpenSSL/crypto/crypto.c:425: warning: implicit declaration of function ‘X509_REQ_print_ex’
OpenSSL/crypto/crypto.c:425: error: ‘crypto_X509ReqObj’ has no member named ‘x509_req’
OpenSSL/crypto/crypto.c: In function ‘crypto_load_crl’:
OpenSSL/crypto/crypto.c:461: error: ‘BIO’ undeclared (first use in this function)
OpenSSL/crypto/crypto.c:461: error: ‘bio’ undeclared (first use in this function)
OpenSSL/crypto/crypto.c:462: error: ‘X509_CRL’ undeclared (first use in this function)
OpenSSL/crypto/crypto.c:462: error: ‘crl’ undeclared (first use in this function)
OpenSSL/crypto/crypto.c:470: error: ‘X509_FILETYPE_PEM’ undeclared (first use in this function)
OpenSSL/crypto/crypto.c:471: warning: implicit declaration of function ‘PEM_read_bio_X509_CRL’
OpenSSL/crypto/crypto.c:474: error: ‘X509_FILETYPE_ASN1’ undeclared (first use in this function)
OpenSSL/crypto/crypto.c:475: warning: implicit declaration of function ‘d2i_X509_CRL_bio’
OpenSSL/crypto/crypto.c:490: warning: implicit declaration of function ‘crypto_CRL_New’
OpenSSL/crypto/crypto.c: In function ‘crypto_load_pkcs7_data’:
OpenSSL/crypto/crypto.c:506: error: ‘BIO’ undeclared (first use in this function)
OpenSSL/crypto/crypto.c:506: error: ‘bio’ undeclared (first use in this function)
OpenSSL/crypto/crypto.c:507: error: ‘PKCS7’ undeclared (first use in this function)
OpenSSL/crypto/crypto.c:507: error: ‘pkcs7’ undeclared (first use in this function)
OpenSSL/crypto/crypto.c:518: error: ‘X509_FILETYPE_PEM’ undeclared (first use in this function)
OpenSSL/crypto/crypto.c:519: warning: implicit declaration of function ‘PEM_read_bio_PKCS7’
OpenSSL/crypto/crypto.c:522: error: ‘X509_FILETYPE_ASN1’ undeclared (first use in this function)
OpenSSL/crypto/crypto.c:523: warning: implicit declaration of function ‘d2i_PKCS7_bio’
OpenSSL/crypto/crypto.c:542: warning: implicit declaration of function ‘crypto_PKCS7_New’
OpenSSL/crypto/crypto.c: In function ‘crypto_load_pkcs12’:
OpenSSL/crypto/crypto.c:558: error: ‘BIO’ undeclared (first use in this function)
OpenSSL/crypto/crypto.c:558: error: ‘bio’ undeclared (first use in this function)
OpenSSL/crypto/crypto.c:559: error: ‘PKCS12’ undeclared (first use in this function)
OpenSSL/crypto/crypto.c:559: error: ‘p12’ undeclared (first use in this function)
OpenSSL/crypto/crypto.c:565: warning: implicit declaration of function ‘d2i_PKCS12_bio’
OpenSSL/crypto/crypto.c:573: warning: implicit declaration of function ‘crypto_PKCS12_New’
OpenSSL/crypto/crypto.c: In function ‘crypto_X509_verify_cert_error_string’:
OpenSSL/crypto/crypto.c:593: warning: implicit declaration of function ‘X509_verify_cert_error_string’
OpenSSL/crypto/crypto.c:593: warning: assignment makes pointer from integer without a cast
OpenSSL/crypto/crypto.c: In function ‘crypto_sign’:
OpenSSL/crypto/crypto.c:625: error: expected ‘=’, ‘,’, ‘;’, ‘asm’ or ‘__attribute__’ before ‘*’ token
OpenSSL/crypto/crypto.c:625: error: ‘digest’ undeclared (first use in this function)
OpenSSL/crypto/crypto.c:626: error: ‘EVP_MD_CTX’ undeclared (first use in this function)
OpenSSL/crypto/crypto.c:626: error: expected ‘;’ before ‘md_ctx’
OpenSSL/crypto/crypto.c:635: warning: implicit declaration of function ‘EVP_get_digestbyname’
OpenSSL/crypto/crypto.c:640: warning: implicit declaration of function ‘EVP_SignInit’
OpenSSL/crypto/crypto.c:640: error: ‘md_ctx’ undeclared (first use in this function)
OpenSSL/crypto/crypto.c:641: warning: implicit declaration of function ‘EVP_SignUpdate’
OpenSSL/crypto/crypto.c:643: warning: implicit declaration of function ‘EVP_SignFinal’
OpenSSL/crypto/crypto.c:643: error: ‘crypto_PKeyObj’ has no member named ‘pkey’
OpenSSL/crypto/crypto.c: In function ‘crypto_verify’:
OpenSSL/crypto/crypto.c:672: error: expected ‘=’, ‘,’, ‘;’, ‘asm’ or ‘__attribute__’ before ‘*’ token
OpenSSL/crypto/crypto.c:672: error: ‘digest’ undeclared (first use in this function)
OpenSSL/crypto/crypto.c:673: error: ‘EVP_MD_CTX’ undeclared (first use in this function)
OpenSSL/crypto/crypto.c:673: error: expected ‘;’ before ‘md_ctx’
OpenSSL/crypto/crypto.c:674: error: ‘EVP_PKEY’ undeclared (first use in this function)
OpenSSL/crypto/crypto.c:674: error: ‘pkey’ undeclared (first use in this function)
OpenSSL/crypto/crypto.c:689: warning: implicit declaration of function ‘X509_get_pubkey’
OpenSSL/crypto/crypto.c:689: error: ‘crypto_X509Obj’ has no member named ‘x509’
OpenSSL/crypto/crypto.c:695: warning: implicit declaration of function ‘EVP_VerifyInit’
OpenSSL/crypto/crypto.c:695: error: ‘md_ctx’ undeclared (first use in this function)
OpenSSL/crypto/crypto.c:696: warning: implicit declaration of function ‘EVP_VerifyUpdate’
OpenSSL/crypto/crypto.c:697: warning: implicit declaration of function ‘EVP_VerifyFinal’
OpenSSL/crypto/crypto.c:698: warning: implicit declaration of function ‘EVP_PKEY_free’
OpenSSL/crypto/crypto.c: In function ‘locking_function’:
OpenSSL/crypto/crypto.c:744: error: ‘CRYPTO_LOCK’ undeclared (first use in this function)
OpenSSL/crypto/crypto.c: In function ‘init_openssl_threads’:
OpenSSL/crypto/crypto.c:761: warning: implicit declaration of function ‘CRYPTO_num_locks’
OpenSSL/crypto/crypto.c:768: warning: implicit declaration of function ‘CRYPTO_set_id_callback’
OpenSSL/crypto/crypto.c:769: warning: implicit declaration of function ‘CRYPTO_set_locking_callback’
OpenSSL/crypto/crypto.c: In function ‘PyInit_crypto’:
OpenSSL/crypto/crypto.c:817: warning: implicit declaration of function ‘ERR_load_crypto_strings’

</pre>
 
 
 </div>
 


 


 </td>
 </tr>

</tbody>
</table>
<br>
<script type="text/javascript" src="https://ssl.gstatic.com/codesite/ph/10671232128890609530/js/dit_scripts.js"></script>



</div> 
<form name="delcom" action="delComment.do?q=&amp;can=2&amp;groupby=&amp;sort=&amp;colspec=ID+Opened+Reporter+Modified+Summary+Stars" method="POST">
 <input type="hidden" name="sequence_num" value="">
 <input type="hidden" name="mode" value="">
 <input type="hidden" name="id" value="9485">
 <input type="hidden" name="token" value="">
</form>

<div id="helparea"></div>
<script type="text/javascript">
 _onload();
 function delComment(sequence_num, delete_mode) {
 var f = document.forms["delcom"];
 f.sequence_num.value = sequence_num;
 f.mode.value = delete_mode;
 
 f.submit();
 return false;
 }
 
 _floatMetadata();
</script>
<script type="text/javascript" src="https://ssl.gstatic.com/codesite/ph/10671232128890609530/js/kibbles.js"></script>
<script type="text/javascript">
 _setupKibblesOnDetailPage(
 'https://code.google.com/p/goagent/issues/list?cursor\x3dgoagent%3A9485',
 '/p/goagent/issues/entry',
 '',
 '',
 '', 'goagent', 9485,
 false, false, codesite_token);
</script>
 
 
 
 <script type="text/javascript" src="https://ssl.gstatic.com/codesite/ph/10671232128890609530/js/ph_core.js"></script>
 
 
 
 
</div> 

<div id="footer" dir="ltr">
 <div class="text">
 <a href="/projecthosting/terms.html">Terms</a> -
 <a href="http://www.google.com/privacy.html">Privacy</a> -
 <a href="/p/support/">Project Hosting Help</a>
 </div>
</div>
 <div class="hostedBy" style="margin-top: -20px;">
 <span style="vertical-align: top;">Powered by <a href="http://code.google.com/projecthosting/">Google Project Hosting</a></span>
 </div>

 
 


 
 </body>
</html>

